[2024-11-14T07:35:23.362+0000] {local_task_job_runner.py:123} INFO - ::group::Pre task execution logs
[2024-11-14T07:35:23.391+0000] {taskinstance.py:2613} INFO - Dependencies all met for dep_context=non-requeueable deps ti=<TaskInstance: conditional_dataset_and_time_based_timetable.conditional_dataset_and_time_based_timetable manual__2024-11-14T07:35:09.342546+00:00 [queued]>
[2024-11-14T07:35:23.404+0000] {taskinstance.py:2613} INFO - Dependencies all met for dep_context=requeueable deps ti=<TaskInstance: conditional_dataset_and_time_based_timetable.conditional_dataset_and_time_based_timetable manual__2024-11-14T07:35:09.342546+00:00 [queued]>
[2024-11-14T07:35:23.405+0000] {taskinstance.py:2866} INFO - Starting attempt 1 of 1
[2024-11-14T07:35:23.426+0000] {taskinstance.py:2889} INFO - Executing <Task(BashOperator): conditional_dataset_and_time_based_timetable> on 2024-11-14 07:35:09.342546+00:00
[2024-11-14T07:35:23.437+0000] {warnings.py:112} WARNING - /home/***/.local/lib/python3.12/site-packages/***/task/task_runner/standard_task_runner.py:70: DeprecationWarning: This process (pid=242) is multi-threaded, use of fork() may lead to deadlocks in the child.
  pid = os.fork()

[2024-11-14T07:35:23.440+0000] {standard_task_runner.py:72} INFO - Started process 246 to run task
[2024-11-14T07:35:23.440+0000] {standard_task_runner.py:104} INFO - Running: ['***', 'tasks', 'run', 'conditional_dataset_and_time_based_timetable', 'conditional_dataset_and_time_based_timetable', 'manual__2024-11-14T07:35:09.342546+00:00', '--job-id', '5', '--raw', '--subdir', '/home/***/.local/lib/python3.12/site-packages/***/example_dags/example_datasets.py', '--cfg-path', '/tmp/tmp1rkm5n0w']
[2024-11-14T07:35:23.442+0000] {standard_task_runner.py:105} INFO - Job 5: Subtask conditional_dataset_and_time_based_timetable
[2024-11-14T07:35:23.516+0000] {task_command.py:467} INFO - Running <TaskInstance: conditional_dataset_and_time_based_timetable.conditional_dataset_and_time_based_timetable manual__2024-11-14T07:35:09.342546+00:00 [running]> on host a50c63e98d26
[2024-11-14T07:35:23.988+0000] {taskinstance.py:3132} INFO - Exporting env vars: AIRFLOW_CTX_DAG_OWNER='***' AIRFLOW_CTX_DAG_ID='conditional_dataset_and_time_based_timetable' AIRFLOW_CTX_TASK_ID='conditional_dataset_and_time_based_timetable' AIRFLOW_CTX_EXECUTION_DATE='2024-11-14T07:35:09.342546+00:00' AIRFLOW_CTX_TRY_NUMBER='1' AIRFLOW_CTX_DAG_RUN_ID='manual__2024-11-14T07:35:09.342546+00:00'
[2024-11-14T07:35:23.990+0000] {logging_mixin.py:190} INFO - Task instance is in running state
[2024-11-14T07:35:23.991+0000] {logging_mixin.py:190} INFO -  Previous state of the Task instance: queued
[2024-11-14T07:35:23.992+0000] {logging_mixin.py:190} INFO - Current task name:conditional_dataset_and_time_based_timetable state:running start_date:2024-11-14 07:35:23.392733+00:00
[2024-11-14T07:35:23.993+0000] {logging_mixin.py:190} INFO - Dag name:conditional_dataset_and_time_based_timetable and current dag run status:running
[2024-11-14T07:35:23.994+0000] {taskinstance.py:731} INFO - ::endgroup::
[2024-11-14T07:35:23.996+0000] {subprocess.py:78} INFO - Tmp dir root location: /tmp
[2024-11-14T07:35:23.998+0000] {subprocess.py:88} INFO - Running command: ['/usr/bin/bash', '-c', 'sleep 5']
[2024-11-14T07:35:24.022+0000] {subprocess.py:99} INFO - Output:
[2024-11-14T07:35:29.037+0000] {subprocess.py:110} INFO - Command exited with return code 0
[2024-11-14T07:35:29.093+0000] {taskinstance.py:340} INFO - ::group::Post task execution logs
[2024-11-14T07:35:29.094+0000] {taskinstance.py:352} INFO - Marking task as SUCCESS. dag_id=conditional_dataset_and_time_based_timetable, task_id=conditional_dataset_and_time_based_timetable, run_id=manual__2024-11-14T07:35:09.342546+00:00, execution_date=20241114T073509, start_date=20241114T073523, end_date=20241114T073529
[2024-11-14T07:35:29.138+0000] {logging_mixin.py:190} INFO - Task instance in success state
[2024-11-14T07:35:29.139+0000] {logging_mixin.py:190} INFO -  Previous state of the Task instance: running
[2024-11-14T07:35:29.140+0000] {logging_mixin.py:190} INFO - Dag name:conditional_dataset_and_time_based_timetable queued_at:2024-11-14 07:35:09.384200+00:00
[2024-11-14T07:35:29.140+0000] {logging_mixin.py:190} INFO - Task hostname:a50c63e98d26 operator:BashOperator
[2024-11-14T07:35:29.207+0000] {local_task_job_runner.py:266} INFO - Task exited with return code 0
[2024-11-14T07:35:29.233+0000] {taskinstance.py:3895} INFO - 0 downstream tasks scheduled from follow-on schedule check
[2024-11-14T07:35:29.236+0000] {local_task_job_runner.py:245} INFO - ::endgroup::
